Determining if the pthread_create exist failed with the following output:
Change Dir: /home/tati2327/Documentos/GITHUB/Project1/PruebaThread/cmake-build-debug/CMakeFiles/CMakeTmp

Run Build Command:"/usr/bin/make" "cmTC_12325/fast"
/usr/bin/make -f CMakeFiles/cmTC_12325.dir/build.make CMakeFiles/cmTC_12325.dir/build
make[1]: se entra en el directorio '/home/tati2327/Documentos/GITHUB/Project1/PruebaThread/cmake-build-debug/CMakeFiles/CMakeTmp'
Building C object CMakeFiles/cmTC_12325.dir/CheckSymbolExists.c.o
/usr/bin/cc    -o CMakeFiles/cmTC_12325.dir/CheckSymbolExists.c.o   -c /home/tati2327/Documentos/GITHUB/Project1/PruebaThread/cmake-build-debug/CMakeFiles/CMakeTmp/CheckSymbolExists.c
Linking C executable cmTC_12325
/home/tati2327/clion-2018.3.4/bin/cmake/linux/bin/cmake -E cmake_link_script CMakeFiles/cmTC_12325.dir/link.txt --verbose=1
/usr/bin/cc      CMakeFiles/cmTC_12325.dir/CheckSymbolExists.c.o  -o cmTC_12325 
CMakeFiles/cmTC_12325.dir/CheckSymbolExists.c.o: En la funci√≥n `main':
CheckSymbolExists.c:(.text+0x1b): referencia a `pthread_create' sin definir
collect2: error: ld returned 1 exit status
CMakeFiles/cmTC_12325.dir/build.make:86: recipe for target 'cmTC_12325' failed
make[1]: *** [cmTC_12325] Error 1
make[1]: se sale del directorio '/home/tati2327/Documentos/GITHUB/Project1/PruebaThread/cmake-build-debug/CMakeFiles/CMakeTmp'
Makefile:121: recipe for target 'cmTC_12325/fast' failed
make: *** [cmTC_12325/fast] Error 2

File /home/tati2327/Documentos/GITHUB/Project1/PruebaThread/cmake-build-debug/CMakeFiles/CMakeTmp/CheckSymbolExists.c:
/* */
#include <pthread.h>

int main(int argc, char** argv)
{
  (void)argv;
#ifndef pthread_create
  return ((int*)(&pthread_create))[argc];
#else
  (void)argc;
  return 0;
#endif
}

